<?xml version="1.0" encoding="UTF-8" ?>
<testsuite tests="1" failures="1" name="com.sapient.AppTest" time="0.03" errors="0" skipped="0">
  <properties>
[...]
</properties>
  <testcase classname="com.sapient.AppTest" name="test1" time="0.03">
    <failure message="expected:&lt;30&gt; but was:&lt;20&gt;" type="junit.framework.AssertionFailedError">junit.framework.AssertionFailedError: expected:&lt;30&gt; but was:&lt;20&gt;
	at junit.framework.Assert.fail(Assert.java:47)
	at junit.framework.Assert.failNotEquals(Assert.java:282)
	at junit.framework.Assert.assertEquals(Assert.java:64)
	at junit.framework.Assert.assertEquals(Assert.java:201)
	at junit.framework.Assert.assertEquals(Assert.java:207)
	at com.sapient.AppTest.test1(AppTest.java:27)
</failure>
  </testcase>
</testsuite>